2024-09-27 06:03:22 startup archives unpack
2024-09-27 06:03:22 install readline-common:all <none> 8.2-1.3
2024-09-27 06:03:22 status half-installed readline-common:all 8.2-1.3
2024-09-27 06:03:22 status unpacked readline-common:all 8.2-1.3
2024-09-27 06:03:22 install libssl3:amd64 <none> 3.0.14-1~deb12u2
2024-09-27 06:03:22 status triggers-pending libc-bin:amd64 2.36-9+deb12u8
2024-09-27 06:03:23 status half-installed libssl3:amd64 3.0.14-1~deb12u2
2024-09-27 06:03:23 status unpacked libssl3:amd64 3.0.14-1~deb12u2
2024-09-27 06:03:23 install openssl:amd64 <none> 3.0.14-1~deb12u2
2024-09-27 06:03:23 status half-installed openssl:amd64 3.0.14-1~deb12u2
2024-09-27 06:03:23 status unpacked openssl:amd64 3.0.14-1~deb12u2
2024-09-27 06:03:23 install ca-certificates:all <none> 20230311
2024-09-27 06:03:23 status half-installed ca-certificates:all 20230311
2024-09-27 06:03:23 status unpacked ca-certificates:all 20230311
2024-09-27 06:03:23 install libpsl5:amd64 <none> 0.21.2-1
2024-09-27 06:03:23 status half-installed libpsl5:amd64 0.21.2-1
2024-09-27 06:03:23 status unpacked libpsl5:amd64 0.21.2-1
2024-09-27 06:03:23 install wget:amd64 <none> 1.21.3-1+b2
2024-09-27 06:03:23 status half-installed wget:amd64 1.21.3-1+b2
2024-09-27 06:03:23 status unpacked wget:amd64 1.21.3-1+b2
2024-09-27 06:03:23 install libassuan0:amd64 <none> 2.5.5-5
2024-09-27 06:03:23 status half-installed libassuan0:amd64 2.5.5-5
2024-09-27 06:03:23 status unpacked libassuan0:amd64 2.5.5-5
2024-09-27 06:03:23 install libreadline8:amd64 <none> 8.2-1.3
2024-09-27 06:03:23 status half-installed libreadline8:amd64 8.2-1.3
2024-09-27 06:03:23 status unpacked libreadline8:amd64 8.2-1.3
2024-09-27 06:03:23 install gpgconf:amd64 <none> 2.2.40-1.1
2024-09-27 06:03:23 status half-installed gpgconf:amd64 2.2.40-1.1
2024-09-27 06:03:23 status unpacked gpgconf:amd64 2.2.40-1.1
2024-09-27 06:03:23 install libksba8:amd64 <none> 1.6.3-2
2024-09-27 06:03:23 status half-installed libksba8:amd64 1.6.3-2
2024-09-27 06:03:23 status unpacked libksba8:amd64 1.6.3-2
2024-09-27 06:03:23 install libsasl2-modules-db:amd64 <none> 2.1.28+dfsg-10
2024-09-27 06:03:23 status half-installed libsasl2-modules-db:amd64 2.1.28+dfsg-10
2024-09-27 06:03:23 status unpacked libsasl2-modules-db:amd64 2.1.28+dfsg-10
2024-09-27 06:03:23 install libsasl2-2:amd64 <none> 2.1.28+dfsg-10
2024-09-27 06:03:23 status half-installed libsasl2-2:amd64 2.1.28+dfsg-10
2024-09-27 06:03:23 status unpacked libsasl2-2:amd64 2.1.28+dfsg-10
2024-09-27 06:03:23 install libldap-2.5-0:amd64 <none> 2.5.13+dfsg-5
2024-09-27 06:03:23 status half-installed libldap-2.5-0:amd64 2.5.13+dfsg-5
2024-09-27 06:03:23 status unpacked libldap-2.5-0:amd64 2.5.13+dfsg-5
2024-09-27 06:03:23 install libnpth0:amd64 <none> 1.6-3
2024-09-27 06:03:23 status half-installed libnpth0:amd64 1.6-3
2024-09-27 06:03:23 status unpacked libnpth0:amd64 1.6-3
2024-09-27 06:03:23 install dirmngr:amd64 <none> 2.2.40-1.1
2024-09-27 06:03:23 status half-installed dirmngr:amd64 2.2.40-1.1
2024-09-27 06:03:23 status unpacked dirmngr:amd64 2.2.40-1.1
2024-09-27 06:03:23 install gnupg-l10n:all <none> 2.2.40-1.1
2024-09-27 06:03:23 status half-installed gnupg-l10n:all 2.2.40-1.1
2024-09-27 06:03:23 status unpacked gnupg-l10n:all 2.2.40-1.1
2024-09-27 06:03:23 install gnupg-utils:amd64 <none> 2.2.40-1.1
2024-09-27 06:03:23 status half-installed gnupg-utils:amd64 2.2.40-1.1
2024-09-27 06:03:23 status unpacked gnupg-utils:amd64 2.2.40-1.1
2024-09-27 06:03:23 install libsqlite3-0:amd64 <none> 3.40.1-2
2024-09-27 06:03:23 status half-installed libsqlite3-0:amd64 3.40.1-2
2024-09-27 06:03:23 status unpacked libsqlite3-0:amd64 3.40.1-2
2024-09-27 06:03:23 install gpg:amd64 <none> 2.2.40-1.1
2024-09-27 06:03:23 status half-installed gpg:amd64 2.2.40-1.1
2024-09-27 06:03:23 status unpacked gpg:amd64 2.2.40-1.1
2024-09-27 06:03:23 install libncursesw6:amd64 <none> 6.4-4
2024-09-27 06:03:23 status half-installed libncursesw6:amd64 6.4-4
2024-09-27 06:03:23 status unpacked libncursesw6:amd64 6.4-4
2024-09-27 06:03:23 install pinentry-curses:amd64 <none> 1.2.1-1
2024-09-27 06:03:23 status half-installed pinentry-curses:amd64 1.2.1-1
2024-09-27 06:03:23 status unpacked pinentry-curses:amd64 1.2.1-1
2024-09-27 06:03:23 install gpg-agent:amd64 <none> 2.2.40-1.1
2024-09-27 06:03:23 status half-installed gpg-agent:amd64 2.2.40-1.1
2024-09-27 06:03:23 status unpacked gpg-agent:amd64 2.2.40-1.1
2024-09-27 06:03:23 install gpg-wks-client:amd64 <none> 2.2.40-1.1
2024-09-27 06:03:23 status half-installed gpg-wks-client:amd64 2.2.40-1.1
2024-09-27 06:03:23 status unpacked gpg-wks-client:amd64 2.2.40-1.1
2024-09-27 06:03:23 install gpg-wks-server:amd64 <none> 2.2.40-1.1
2024-09-27 06:03:23 status half-installed gpg-wks-server:amd64 2.2.40-1.1
2024-09-27 06:03:23 status unpacked gpg-wks-server:amd64 2.2.40-1.1
2024-09-27 06:03:23 install gpgsm:amd64 <none> 2.2.40-1.1
2024-09-27 06:03:23 status half-installed gpgsm:amd64 2.2.40-1.1
2024-09-27 06:03:23 status unpacked gpgsm:amd64 2.2.40-1.1
2024-09-27 06:03:23 install gnupg:all <none> 2.2.40-1.1
2024-09-27 06:03:23 status half-installed gnupg:all 2.2.40-1.1
2024-09-27 06:03:23 status unpacked gnupg:all 2.2.40-1.1
2024-09-27 06:03:23 startup packages configure
2024-09-27 06:03:23 configure libksba8:amd64 1.6.3-2 <none>
2024-09-27 06:03:23 status unpacked libksba8:amd64 1.6.3-2
2024-09-27 06:03:23 status half-configured libksba8:amd64 1.6.3-2
2024-09-27 06:03:23 status installed libksba8:amd64 1.6.3-2
2024-09-27 06:03:23 configure libpsl5:amd64 0.21.2-1 <none>
2024-09-27 06:03:23 status unpacked libpsl5:amd64 0.21.2-1
2024-09-27 06:03:23 status half-configured libpsl5:amd64 0.21.2-1
2024-09-27 06:03:23 status installed libpsl5:amd64 0.21.2-1
2024-09-27 06:03:23 configure wget:amd64 1.21.3-1+b2 <none>
2024-09-27 06:03:23 status unpacked wget:amd64 1.21.3-1+b2
2024-09-27 06:03:23 status half-configured wget:amd64 1.21.3-1+b2
2024-09-27 06:03:24 status installed wget:amd64 1.21.3-1+b2
2024-09-27 06:03:24 configure libsqlite3-0:amd64 3.40.1-2 <none>
2024-09-27 06:03:24 status unpacked libsqlite3-0:amd64 3.40.1-2
2024-09-27 06:03:24 status half-configured libsqlite3-0:amd64 3.40.1-2
2024-09-27 06:03:24 status installed libsqlite3-0:amd64 3.40.1-2
2024-09-27 06:03:24 configure libssl3:amd64 3.0.14-1~deb12u2 <none>
2024-09-27 06:03:24 status unpacked libssl3:amd64 3.0.14-1~deb12u2
2024-09-27 06:03:24 status half-configured libssl3:amd64 3.0.14-1~deb12u2
2024-09-27 06:03:24 status installed libssl3:amd64 3.0.14-1~deb12u2
2024-09-27 06:03:24 configure libnpth0:amd64 1.6-3 <none>
2024-09-27 06:03:24 status unpacked libnpth0:amd64 1.6-3
2024-09-27 06:03:24 status half-configured libnpth0:amd64 1.6-3
2024-09-27 06:03:24 status installed libnpth0:amd64 1.6-3
2024-09-27 06:03:24 configure libassuan0:amd64 2.5.5-5 <none>
2024-09-27 06:03:24 status unpacked libassuan0:amd64 2.5.5-5
2024-09-27 06:03:24 status half-configured libassuan0:amd64 2.5.5-5
2024-09-27 06:03:24 status installed libassuan0:amd64 2.5.5-5
2024-09-27 06:03:24 configure libsasl2-modules-db:amd64 2.1.28+dfsg-10 <none>
2024-09-27 06:03:24 status unpacked libsasl2-modules-db:amd64 2.1.28+dfsg-10
2024-09-27 06:03:24 status half-configured libsasl2-modules-db:amd64 2.1.28+dfsg-10
2024-09-27 06:03:24 status installed libsasl2-modules-db:amd64 2.1.28+dfsg-10
2024-09-27 06:03:24 configure gnupg-l10n:all 2.2.40-1.1 <none>
2024-09-27 06:03:24 status unpacked gnupg-l10n:all 2.2.40-1.1
2024-09-27 06:03:24 status half-configured gnupg-l10n:all 2.2.40-1.1
2024-09-27 06:03:24 status installed gnupg-l10n:all 2.2.40-1.1
2024-09-27 06:03:24 configure libncursesw6:amd64 6.4-4 <none>
2024-09-27 06:03:24 status unpacked libncursesw6:amd64 6.4-4
2024-09-27 06:03:24 status half-configured libncursesw6:amd64 6.4-4
2024-09-27 06:03:24 status installed libncursesw6:amd64 6.4-4
2024-09-27 06:03:24 configure libsasl2-2:amd64 2.1.28+dfsg-10 <none>
2024-09-27 06:03:24 status unpacked libsasl2-2:amd64 2.1.28+dfsg-10
2024-09-27 06:03:24 status half-configured libsasl2-2:amd64 2.1.28+dfsg-10
2024-09-27 06:03:24 status installed libsasl2-2:amd64 2.1.28+dfsg-10
2024-09-27 06:03:24 configure openssl:amd64 3.0.14-1~deb12u2 <none>
2024-09-27 06:03:24 status unpacked openssl:amd64 3.0.14-1~deb12u2
2024-09-27 06:03:24 status half-configured openssl:amd64 3.0.14-1~deb12u2
2024-09-27 06:03:24 status installed openssl:amd64 3.0.14-1~deb12u2
2024-09-27 06:03:24 configure readline-common:all 8.2-1.3 <none>
2024-09-27 06:03:24 status unpacked readline-common:all 8.2-1.3
2024-09-27 06:03:24 status half-configured readline-common:all 8.2-1.3
2024-09-27 06:03:24 status installed readline-common:all 8.2-1.3
2024-09-27 06:03:24 configure pinentry-curses:amd64 1.2.1-1 <none>
2024-09-27 06:03:24 status unpacked pinentry-curses:amd64 1.2.1-1
2024-09-27 06:03:24 status half-configured pinentry-curses:amd64 1.2.1-1
2024-09-27 06:03:24 status installed pinentry-curses:amd64 1.2.1-1
2024-09-27 06:03:24 configure libreadline8:amd64 8.2-1.3 <none>
2024-09-27 06:03:24 status unpacked libreadline8:amd64 8.2-1.3
2024-09-27 06:03:24 status half-configured libreadline8:amd64 8.2-1.3
2024-09-27 06:03:24 status installed libreadline8:amd64 8.2-1.3
2024-09-27 06:03:24 configure libldap-2.5-0:amd64 2.5.13+dfsg-5 <none>
2024-09-27 06:03:24 status unpacked libldap-2.5-0:amd64 2.5.13+dfsg-5
2024-09-27 06:03:24 status half-configured libldap-2.5-0:amd64 2.5.13+dfsg-5
2024-09-27 06:03:24 status installed libldap-2.5-0:amd64 2.5.13+dfsg-5
2024-09-27 06:03:24 configure ca-certificates:all 20230311 <none>
2024-09-27 06:03:24 status unpacked ca-certificates:all 20230311
2024-09-27 06:03:24 status half-configured ca-certificates:all 20230311
2024-09-27 06:03:24 status installed ca-certificates:all 20230311
2024-09-27 06:03:24 status triggers-pending ca-certificates:all 20230311
2024-09-27 06:03:25 configure gpgconf:amd64 2.2.40-1.1 <none>
2024-09-27 06:03:25 status unpacked gpgconf:amd64 2.2.40-1.1
2024-09-27 06:03:25 status half-configured gpgconf:amd64 2.2.40-1.1
2024-09-27 06:03:25 status installed gpgconf:amd64 2.2.40-1.1
2024-09-27 06:03:25 configure gpg:amd64 2.2.40-1.1 <none>
2024-09-27 06:03:25 status unpacked gpg:amd64 2.2.40-1.1
2024-09-27 06:03:25 status half-configured gpg:amd64 2.2.40-1.1
2024-09-27 06:03:25 status installed gpg:amd64 2.2.40-1.1
2024-09-27 06:03:25 configure gnupg-utils:amd64 2.2.40-1.1 <none>
2024-09-27 06:03:25 status unpacked gnupg-utils:amd64 2.2.40-1.1
2024-09-27 06:03:25 status half-configured gnupg-utils:amd64 2.2.40-1.1
2024-09-27 06:03:25 status installed gnupg-utils:amd64 2.2.40-1.1
2024-09-27 06:03:25 configure gpg-agent:amd64 2.2.40-1.1 <none>
2024-09-27 06:03:25 status unpacked gpg-agent:amd64 2.2.40-1.1
2024-09-27 06:03:25 status half-configured gpg-agent:amd64 2.2.40-1.1
2024-09-27 06:03:25 status installed gpg-agent:amd64 2.2.40-1.1
2024-09-27 06:03:25 configure gpgsm:amd64 2.2.40-1.1 <none>
2024-09-27 06:03:25 status unpacked gpgsm:amd64 2.2.40-1.1
2024-09-27 06:03:25 status half-configured gpgsm:amd64 2.2.40-1.1
2024-09-27 06:03:25 status installed gpgsm:amd64 2.2.40-1.1
2024-09-27 06:03:25 configure dirmngr:amd64 2.2.40-1.1 <none>
2024-09-27 06:03:25 status unpacked dirmngr:amd64 2.2.40-1.1
2024-09-27 06:03:25 status half-configured dirmngr:amd64 2.2.40-1.1
2024-09-27 06:03:25 status installed dirmngr:amd64 2.2.40-1.1
2024-09-27 06:03:25 configure gpg-wks-server:amd64 2.2.40-1.1 <none>
2024-09-27 06:03:25 status unpacked gpg-wks-server:amd64 2.2.40-1.1
2024-09-27 06:03:25 status half-configured gpg-wks-server:amd64 2.2.40-1.1
2024-09-27 06:03:25 status installed gpg-wks-server:amd64 2.2.40-1.1
2024-09-27 06:03:25 configure gpg-wks-client:amd64 2.2.40-1.1 <none>
2024-09-27 06:03:25 status unpacked gpg-wks-client:amd64 2.2.40-1.1
2024-09-27 06:03:25 status half-configured gpg-wks-client:amd64 2.2.40-1.1
2024-09-27 06:03:25 status installed gpg-wks-client:amd64 2.2.40-1.1
2024-09-27 06:03:25 configure gnupg:all 2.2.40-1.1 <none>
2024-09-27 06:03:25 status unpacked gnupg:all 2.2.40-1.1
2024-09-27 06:03:25 status half-configured gnupg:all 2.2.40-1.1
2024-09-27 06:03:25 status installed gnupg:all 2.2.40-1.1
2024-09-27 06:03:25 trigproc libc-bin:amd64 2.36-9+deb12u8 <none>
2024-09-27 06:03:25 status half-configured libc-bin:amd64 2.36-9+deb12u8
2024-09-27 06:03:25 status installed libc-bin:amd64 2.36-9+deb12u8
2024-09-27 06:03:25 trigproc ca-certificates:all 20230311 <none>
2024-09-27 06:03:25 status half-configured ca-certificates:all 20230311
2024-09-27 06:03:25 status installed ca-certificates:all 20230311
2024-09-27 06:03:28 startup packages remove
2024-09-27 06:03:28 status installed ca-certificates:all 20230311
2024-09-27 06:03:28 remove ca-certificates:all 20230311 <none>
2024-09-27 06:03:28 status half-configured ca-certificates:all 20230311
2024-09-27 06:03:28 status half-installed ca-certificates:all 20230311
2024-09-27 06:03:29 status config-files ca-certificates:all 20230311
2024-09-27 06:03:29 status installed gnupg:all 2.2.40-1.1
2024-09-27 06:03:29 remove gnupg:all 2.2.40-1.1 <none>
2024-09-27 06:03:29 status half-configured gnupg:all 2.2.40-1.1
2024-09-27 06:03:29 status half-installed gnupg:all 2.2.40-1.1
2024-09-27 06:03:29 status config-files gnupg:all 2.2.40-1.1
2024-09-27 06:03:29 status not-installed gnupg:all <none>
2024-09-27 06:03:29 status installed gpg-wks-client:amd64 2.2.40-1.1
2024-09-27 06:03:29 remove gpg-wks-client:amd64 2.2.40-1.1 <none>
2024-09-27 06:03:29 status half-configured gpg-wks-client:amd64 2.2.40-1.1
2024-09-27 06:03:29 status half-installed gpg-wks-client:amd64 2.2.40-1.1
2024-09-27 06:03:29 status config-files gpg-wks-client:amd64 2.2.40-1.1
2024-09-27 06:03:29 status not-installed gpg-wks-client:amd64 <none>
2024-09-27 06:03:29 status installed dirmngr:amd64 2.2.40-1.1
2024-09-27 06:03:29 remove dirmngr:amd64 2.2.40-1.1 <none>
2024-09-27 06:03:29 status half-configured dirmngr:amd64 2.2.40-1.1
2024-09-27 06:03:29 status half-installed dirmngr:amd64 2.2.40-1.1
2024-09-27 06:03:29 status config-files dirmngr:amd64 2.2.40-1.1
2024-09-27 06:03:29 status installed gnupg-l10n:all 2.2.40-1.1
2024-09-27 06:03:29 remove gnupg-l10n:all 2.2.40-1.1 <none>
2024-09-27 06:03:29 status half-configured gnupg-l10n:all 2.2.40-1.1
2024-09-27 06:03:29 status half-installed gnupg-l10n:all 2.2.40-1.1
2024-09-27 06:03:29 status config-files gnupg-l10n:all 2.2.40-1.1
2024-09-27 06:03:29 status not-installed gnupg-l10n:all <none>
2024-09-27 06:03:29 status installed gnupg-utils:amd64 2.2.40-1.1
2024-09-27 06:03:29 remove gnupg-utils:amd64 2.2.40-1.1 <none>
2024-09-27 06:03:29 status half-configured gnupg-utils:amd64 2.2.40-1.1
2024-09-27 06:03:29 status half-installed gnupg-utils:amd64 2.2.40-1.1
2024-09-27 06:03:29 status config-files gnupg-utils:amd64 2.2.40-1.1
2024-09-27 06:03:29 status not-installed gnupg-utils:amd64 <none>
2024-09-27 06:03:29 status installed gpg-wks-server:amd64 2.2.40-1.1
2024-09-27 06:03:29 remove gpg-wks-server:amd64 2.2.40-1.1 <none>
2024-09-27 06:03:29 status half-configured gpg-wks-server:amd64 2.2.40-1.1
2024-09-27 06:03:29 status half-installed gpg-wks-server:amd64 2.2.40-1.1
2024-09-27 06:03:29 status config-files gpg-wks-server:amd64 2.2.40-1.1
2024-09-27 06:03:29 status not-installed gpg-wks-server:amd64 <none>
2024-09-27 06:03:29 status installed gpg:amd64 2.2.40-1.1
2024-09-27 06:03:29 remove gpg:amd64 2.2.40-1.1 <none>
2024-09-27 06:03:29 status half-configured gpg:amd64 2.2.40-1.1
2024-09-27 06:03:29 status half-installed gpg:amd64 2.2.40-1.1
2024-09-27 06:03:29 status config-files gpg:amd64 2.2.40-1.1
2024-09-27 06:03:29 status not-installed gpg:amd64 <none>
2024-09-27 06:03:29 status installed gpg-agent:amd64 2.2.40-1.1
2024-09-27 06:03:29 remove gpg-agent:amd64 2.2.40-1.1 <none>
2024-09-27 06:03:29 status half-configured gpg-agent:amd64 2.2.40-1.1
2024-09-27 06:03:29 status half-installed gpg-agent:amd64 2.2.40-1.1
2024-09-27 06:03:29 status config-files gpg-agent:amd64 2.2.40-1.1
2024-09-27 06:03:29 status installed gpgsm:amd64 2.2.40-1.1
2024-09-27 06:03:29 remove gpgsm:amd64 2.2.40-1.1 <none>
2024-09-27 06:03:29 status half-configured gpgsm:amd64 2.2.40-1.1
2024-09-27 06:03:29 status half-installed gpgsm:amd64 2.2.40-1.1
2024-09-27 06:03:29 status config-files gpgsm:amd64 2.2.40-1.1
2024-09-27 06:03:29 status not-installed gpgsm:amd64 <none>
2024-09-27 06:03:29 status installed gpgconf:amd64 2.2.40-1.1
2024-09-27 06:03:29 remove gpgconf:amd64 2.2.40-1.1 <none>
2024-09-27 06:03:29 status half-configured gpgconf:amd64 2.2.40-1.1
2024-09-27 06:03:29 status half-installed gpgconf:amd64 2.2.40-1.1
2024-09-27 06:03:29 status config-files gpgconf:amd64 2.2.40-1.1
2024-09-27 06:03:29 status not-installed gpgconf:amd64 <none>
2024-09-27 06:03:29 status installed pinentry-curses:amd64 1.2.1-1
2024-09-27 06:03:29 remove pinentry-curses:amd64 1.2.1-1 <none>
2024-09-27 06:03:29 status half-configured pinentry-curses:amd64 1.2.1-1
2024-09-27 06:03:29 status half-installed pinentry-curses:amd64 1.2.1-1
2024-09-27 06:03:29 status config-files pinentry-curses:amd64 1.2.1-1
2024-09-27 06:03:29 status not-installed pinentry-curses:amd64 <none>
2024-09-27 06:03:29 status installed libassuan0:amd64 2.5.5-5
2024-09-27 06:03:29 remove libassuan0:amd64 2.5.5-5 <none>
2024-09-27 06:03:29 status triggers-pending libc-bin:amd64 2.36-9+deb12u8
2024-09-27 06:03:29 status half-configured libassuan0:amd64 2.5.5-5
2024-09-27 06:03:29 status half-installed libassuan0:amd64 2.5.5-5
2024-09-27 06:03:29 status config-files libassuan0:amd64 2.5.5-5
2024-09-27 06:03:29 status not-installed libassuan0:amd64 <none>
2024-09-27 06:03:29 status installed libksba8:amd64 1.6.3-2
2024-09-27 06:03:29 remove libksba8:amd64 1.6.3-2 <none>
2024-09-27 06:03:29 status half-configured libksba8:amd64 1.6.3-2
2024-09-27 06:03:29 status half-installed libksba8:amd64 1.6.3-2
2024-09-27 06:03:29 status config-files libksba8:amd64 1.6.3-2
2024-09-27 06:03:29 status not-installed libksba8:amd64 <none>
2024-09-27 06:03:29 status installed libldap-2.5-0:amd64 2.5.13+dfsg-5
2024-09-27 06:03:29 remove libldap-2.5-0:amd64 2.5.13+dfsg-5 <none>
2024-09-27 06:03:29 status half-configured libldap-2.5-0:amd64 2.5.13+dfsg-5
2024-09-27 06:03:29 status half-installed libldap-2.5-0:amd64 2.5.13+dfsg-5
2024-09-27 06:03:29 status config-files libldap-2.5-0:amd64 2.5.13+dfsg-5
2024-09-27 06:03:29 status not-installed libldap-2.5-0:amd64 <none>
2024-09-27 06:03:29 status installed libncursesw6:amd64 6.4-4
2024-09-27 06:03:29 remove libncursesw6:amd64 6.4-4 <none>
2024-09-27 06:03:29 status half-configured libncursesw6:amd64 6.4-4
2024-09-27 06:03:29 status half-installed libncursesw6:amd64 6.4-4
2024-09-27 06:03:29 status config-files libncursesw6:amd64 6.4-4
2024-09-27 06:03:29 status not-installed libncursesw6:amd64 <none>
2024-09-27 06:03:29 status installed libnpth0:amd64 1.6-3
2024-09-27 06:03:29 remove libnpth0:amd64 1.6-3 <none>
2024-09-27 06:03:29 status half-configured libnpth0:amd64 1.6-3
2024-09-27 06:03:29 status half-installed libnpth0:amd64 1.6-3
2024-09-27 06:03:29 status config-files libnpth0:amd64 1.6-3
2024-09-27 06:03:29 status not-installed libnpth0:amd64 <none>
2024-09-27 06:03:29 status installed wget:amd64 1.21.3-1+b2
2024-09-27 06:03:29 remove wget:amd64 1.21.3-1+b2 <none>
2024-09-27 06:03:29 status half-configured wget:amd64 1.21.3-1+b2
2024-09-27 06:03:29 status half-installed wget:amd64 1.21.3-1+b2
2024-09-27 06:03:29 status config-files wget:amd64 1.21.3-1+b2
2024-09-27 06:03:29 status installed libpsl5:amd64 0.21.2-1
2024-09-27 06:03:29 remove libpsl5:amd64 0.21.2-1 <none>
2024-09-27 06:03:29 status half-configured libpsl5:amd64 0.21.2-1
2024-09-27 06:03:29 status half-installed libpsl5:amd64 0.21.2-1
2024-09-27 06:03:29 status config-files libpsl5:amd64 0.21.2-1
2024-09-27 06:03:29 status not-installed libpsl5:amd64 <none>
2024-09-27 06:03:29 status installed libreadline8:amd64 8.2-1.3
2024-09-27 06:03:29 remove libreadline8:amd64 8.2-1.3 <none>
2024-09-27 06:03:29 status half-configured libreadline8:amd64 8.2-1.3
2024-09-27 06:03:29 status half-installed libreadline8:amd64 8.2-1.3
2024-09-27 06:03:29 status config-files libreadline8:amd64 8.2-1.3
2024-09-27 06:03:29 status not-installed libreadline8:amd64 <none>
2024-09-27 06:03:29 status installed libsasl2-2:amd64 2.1.28+dfsg-10
2024-09-27 06:03:29 remove libsasl2-2:amd64 2.1.28+dfsg-10 <none>
2024-09-27 06:03:29 status half-configured libsasl2-2:amd64 2.1.28+dfsg-10
2024-09-27 06:03:29 status half-installed libsasl2-2:amd64 2.1.28+dfsg-10
2024-09-27 06:03:29 status config-files libsasl2-2:amd64 2.1.28+dfsg-10
2024-09-27 06:03:29 status not-installed libsasl2-2:amd64 <none>
2024-09-27 06:03:29 status installed libsasl2-modules-db:amd64 2.1.28+dfsg-10
2024-09-27 06:03:29 remove libsasl2-modules-db:amd64 2.1.28+dfsg-10 <none>
2024-09-27 06:03:29 status half-configured libsasl2-modules-db:amd64 2.1.28+dfsg-10
2024-09-27 06:03:29 status half-installed libsasl2-modules-db:amd64 2.1.28+dfsg-10
2024-09-27 06:03:29 status config-files libsasl2-modules-db:amd64 2.1.28+dfsg-10
2024-09-27 06:03:29 status not-installed libsasl2-modules-db:amd64 <none>
2024-09-27 06:03:29 status installed libsqlite3-0:amd64 3.40.1-2
2024-09-27 06:03:29 remove libsqlite3-0:amd64 3.40.1-2 <none>
2024-09-27 06:03:29 status half-configured libsqlite3-0:amd64 3.40.1-2
2024-09-27 06:03:29 status half-installed libsqlite3-0:amd64 3.40.1-2
2024-09-27 06:03:29 status config-files libsqlite3-0:amd64 3.40.1-2
2024-09-27 06:03:29 status not-installed libsqlite3-0:amd64 <none>
2024-09-27 06:03:29 status installed openssl:amd64 3.0.14-1~deb12u2
2024-09-27 06:03:29 remove openssl:amd64 3.0.14-1~deb12u2 <none>
2024-09-27 06:03:29 status half-configured openssl:amd64 3.0.14-1~deb12u2
2024-09-27 06:03:29 status half-installed openssl:amd64 3.0.14-1~deb12u2
2024-09-27 06:03:29 status config-files openssl:amd64 3.0.14-1~deb12u2
2024-09-27 06:03:29 status installed libssl3:amd64 3.0.14-1~deb12u2
2024-09-27 06:03:29 remove libssl3:amd64 3.0.14-1~deb12u2 <none>
2024-09-27 06:03:29 status half-configured libssl3:amd64 3.0.14-1~deb12u2
2024-09-27 06:03:29 status half-installed libssl3:amd64 3.0.14-1~deb12u2
2024-09-27 06:03:29 status config-files libssl3:amd64 3.0.14-1~deb12u2
2024-09-27 06:03:29 status not-installed libssl3:amd64 <none>
2024-09-27 06:03:29 status installed readline-common:all 8.2-1.3
2024-09-27 06:03:29 remove readline-common:all 8.2-1.3 <none>
2024-09-27 06:03:29 status half-configured readline-common:all 8.2-1.3
2024-09-27 06:03:29 status half-installed readline-common:all 8.2-1.3
2024-09-27 06:03:29 status config-files readline-common:all 8.2-1.3
2024-09-27 06:03:29 startup packages configure
2024-09-27 06:03:29 trigproc libc-bin:amd64 2.36-9+deb12u8 <none>
2024-09-27 06:03:29 status half-configured libc-bin:amd64 2.36-9+deb12u8
2024-09-27 06:03:29 status installed libc-bin:amd64 2.36-9+deb12u8
2024-09-27 06:03:29 startup packages purge
2024-09-27 06:03:29 purge gpg-agent:amd64 2.2.40-1.1 <none>
2024-09-27 06:03:29 status config-files gpg-agent:amd64 2.2.40-1.1
2024-09-27 06:03:29 status not-installed gpg-agent:amd64 <none>
2024-09-27 06:03:29 purge wget:amd64 1.21.3-1+b2 <none>
2024-09-27 06:03:29 status config-files wget:amd64 1.21.3-1+b2
2024-09-27 06:03:29 status not-installed wget:amd64 <none>
2024-09-27 06:03:29 purge dirmngr:amd64 2.2.40-1.1 <none>
2024-09-27 06:03:29 status config-files dirmngr:amd64 2.2.40-1.1
2024-09-27 06:03:29 status not-installed dirmngr:amd64 <none>
2024-09-27 06:03:29 purge ca-certificates:all 20230311 <none>
2024-09-27 06:03:29 status config-files ca-certificates:all 20230311
2024-09-27 06:03:29 status not-installed ca-certificates:all <none>
2024-09-27 06:03:29 purge openssl:amd64 3.0.14-1~deb12u2 <none>
2024-09-27 06:03:29 status config-files openssl:amd64 3.0.14-1~deb12u2
2024-09-27 06:03:29 status not-installed openssl:amd64 <none>
2024-09-27 06:03:29 purge readline-common:all 8.2-1.3 <none>
2024-09-27 06:03:29 status config-files readline-common:all 8.2-1.3
2024-09-27 06:03:29 status not-installed readline-common:all <none>
2024-09-27 06:03:29 startup packages configure
2024-09-27 06:03:32 startup archives unpack
2024-09-27 06:03:32 install perl-modules-5.36:all <none> 5.36.0-7+deb12u1
2024-09-27 06:03:32 status half-installed perl-modules-5.36:all 5.36.0-7+deb12u1
2024-09-27 06:03:32 status unpacked perl-modules-5.36:all 5.36.0-7+deb12u1
2024-09-27 06:03:32 install libgdbm6:amd64 <none> 1.23-3
2024-09-27 06:03:32 status triggers-pending libc-bin:amd64 2.36-9+deb12u8
2024-09-27 06:03:32 status half-installed libgdbm6:amd64 1.23-3
2024-09-27 06:03:32 status unpacked libgdbm6:amd64 1.23-3
2024-09-27 06:03:32 install libgdbm-compat4:amd64 <none> 1.23-3
2024-09-27 06:03:32 status half-installed libgdbm-compat4:amd64 1.23-3
2024-09-27 06:03:32 status unpacked libgdbm-compat4:amd64 1.23-3
2024-09-27 06:03:32 install libperl5.36:amd64 <none> 5.36.0-7+deb12u1
2024-09-27 06:03:32 status half-installed libperl5.36:amd64 5.36.0-7+deb12u1
2024-09-27 06:03:32 status unpacked libperl5.36:amd64 5.36.0-7+deb12u1
2024-09-27 06:03:32 install perl:amd64 <none> 5.36.0-7+deb12u1
2024-09-27 06:03:32 status half-installed perl:amd64 5.36.0-7+deb12u1
2024-09-27 06:03:32 status unpacked perl:amd64 5.36.0-7+deb12u1
2024-09-27 06:03:32 install bzip2:amd64 <none> 1.0.8-5+b1
2024-09-27 06:03:32 status half-installed bzip2:amd64 1.0.8-5+b1
2024-09-27 06:03:32 status unpacked bzip2:amd64 1.0.8-5+b1
2024-09-27 06:03:32 install libssl3:amd64 <none> 3.0.14-1~deb12u2
2024-09-27 06:03:32 status half-installed libssl3:amd64 3.0.14-1~deb12u2
2024-09-27 06:03:32 status unpacked libssl3:amd64 3.0.14-1~deb12u2
2024-09-27 06:03:32 install openssl:amd64 <none> 3.0.14-1~deb12u2
2024-09-27 06:03:32 status half-installed openssl:amd64 3.0.14-1~deb12u2
2024-09-27 06:03:33 status unpacked openssl:amd64 3.0.14-1~deb12u2
2024-09-27 06:03:33 install ca-certificates:all <none> 20230311
2024-09-27 06:03:33 status half-installed ca-certificates:all 20230311
2024-09-27 06:03:33 status unpacked ca-certificates:all 20230311
2024-09-27 06:03:33 install libpsl5:amd64 <none> 0.21.2-1
2024-09-27 06:03:33 status half-installed libpsl5:amd64 0.21.2-1
2024-09-27 06:03:33 status unpacked libpsl5:amd64 0.21.2-1
2024-09-27 06:03:33 install wget:amd64 <none> 1.21.3-1+b2
2024-09-27 06:03:33 status half-installed wget:amd64 1.21.3-1+b2
2024-09-27 06:03:33 status unpacked wget:amd64 1.21.3-1+b2
2024-09-27 06:03:33 install xz-utils:amd64 <none> 5.4.1-0.2
2024-09-27 06:03:33 status half-installed xz-utils:amd64 5.4.1-0.2
2024-09-27 06:03:33 status unpacked xz-utils:amd64 5.4.1-0.2
2024-09-27 06:03:33 install binutils-common:amd64 <none> 2.40-2
2024-09-27 06:03:33 status half-installed binutils-common:amd64 2.40-2
2024-09-27 06:03:33 status unpacked binutils-common:amd64 2.40-2
2024-09-27 06:03:33 install libbinutils:amd64 <none> 2.40-2
2024-09-27 06:03:33 status half-installed libbinutils:amd64 2.40-2
2024-09-27 06:03:33 status unpacked libbinutils:amd64 2.40-2
2024-09-27 06:03:33 install libctf-nobfd0:amd64 <none> 2.40-2
2024-09-27 06:03:33 status half-installed libctf-nobfd0:amd64 2.40-2
2024-09-27 06:03:33 status unpacked libctf-nobfd0:amd64 2.40-2
2024-09-27 06:03:33 install libctf0:amd64 <none> 2.40-2
2024-09-27 06:03:33 status half-installed libctf0:amd64 2.40-2
2024-09-27 06:03:33 status unpacked libctf0:amd64 2.40-2
2024-09-27 06:03:33 install libgprofng0:amd64 <none> 2.40-2
2024-09-27 06:03:33 status half-installed libgprofng0:amd64 2.40-2
2024-09-27 06:03:33 status unpacked libgprofng0:amd64 2.40-2
2024-09-27 06:03:33 install libjansson4:amd64 <none> 2.14-2
2024-09-27 06:03:33 status half-installed libjansson4:amd64 2.14-2
2024-09-27 06:03:33 status unpacked libjansson4:amd64 2.14-2
2024-09-27 06:03:33 install binutils-x86-64-linux-gnu:amd64 <none> 2.40-2
2024-09-27 06:03:33 status half-installed binutils-x86-64-linux-gnu:amd64 2.40-2
2024-09-27 06:03:33 status unpacked binutils-x86-64-linux-gnu:amd64 2.40-2
2024-09-27 06:03:33 install binutils:amd64 <none> 2.40-2
2024-09-27 06:03:33 status half-installed binutils:amd64 2.40-2
2024-09-27 06:03:33 status unpacked binutils:amd64 2.40-2
2024-09-27 06:03:33 install libisl23:amd64 <none> 0.25-1.1
2024-09-27 06:03:33 status half-installed libisl23:amd64 0.25-1.1
2024-09-27 06:03:33 status unpacked libisl23:amd64 0.25-1.1
2024-09-27 06:03:33 install libmpfr6:amd64 <none> 4.2.0-1
2024-09-27 06:03:33 status half-installed libmpfr6:amd64 4.2.0-1
2024-09-27 06:03:33 status unpacked libmpfr6:amd64 4.2.0-1
2024-09-27 06:03:33 install libmpc3:amd64 <none> 1.3.1-1
2024-09-27 06:03:33 status half-installed libmpc3:amd64 1.3.1-1
2024-09-27 06:03:33 status unpacked libmpc3:amd64 1.3.1-1
2024-09-27 06:03:33 install cpp-12:amd64 <none> 12.2.0-14
2024-09-27 06:03:33 status half-installed cpp-12:amd64 12.2.0-14
2024-09-27 06:03:34 status unpacked cpp-12:amd64 12.2.0-14
2024-09-27 06:03:34 install cpp:amd64 <none> 4:12.2.0-3
2024-09-27 06:03:34 status half-installed cpp:amd64 4:12.2.0-3
2024-09-27 06:03:34 status unpacked cpp:amd64 4:12.2.0-3
2024-09-27 06:03:34 install libdpkg-perl:all <none> 1.21.22
2024-09-27 06:03:34 status half-installed libdpkg-perl:all 1.21.22
2024-09-27 06:03:34 status unpacked libdpkg-perl:all 1.21.22
2024-09-27 06:03:34 install patch:amd64 <none> 2.7.6-7
2024-09-27 06:03:34 status half-installed patch:amd64 2.7.6-7
2024-09-27 06:03:34 status unpacked patch:amd64 2.7.6-7
2024-09-27 06:03:34 install make:amd64 <none> 4.3-4.1
2024-09-27 06:03:34 status half-installed make:amd64 4.3-4.1
2024-09-27 06:03:34 status unpacked make:amd64 4.3-4.1
2024-09-27 06:03:34 install dpkg-dev:all <none> 1.21.22
2024-09-27 06:03:34 status half-installed dpkg-dev:all 1.21.22
2024-09-27 06:03:34 status unpacked dpkg-dev:all 1.21.22
2024-09-27 06:03:34 install libcc1-0:amd64 <none> 12.2.0-14
2024-09-27 06:03:34 status half-installed libcc1-0:amd64 12.2.0-14
2024-09-27 06:03:34 status unpacked libcc1-0:amd64 12.2.0-14
2024-09-27 06:03:34 install libgomp1:amd64 <none> 12.2.0-14
2024-09-27 06:03:34 status half-installed libgomp1:amd64 12.2.0-14
2024-09-27 06:03:34 status unpacked libgomp1:amd64 12.2.0-14
2024-09-27 06:03:34 install libitm1:amd64 <none> 12.2.0-14
2024-09-27 06:03:34 status half-installed libitm1:amd64 12.2.0-14
2024-09-27 06:03:34 status unpacked libitm1:amd64 12.2.0-14
2024-09-27 06:03:34 install libatomic1:amd64 <none> 12.2.0-14
2024-09-27 06:03:34 status half-installed libatomic1:amd64 12.2.0-14
2024-09-27 06:03:34 status unpacked libatomic1:amd64 12.2.0-14
2024-09-27 06:03:34 install libasan8:amd64 <none> 12.2.0-14
2024-09-27 06:03:34 status half-installed libasan8:amd64 12.2.0-14
2024-09-27 06:03:34 status unpacked libasan8:amd64 12.2.0-14
2024-09-27 06:03:34 install liblsan0:amd64 <none> 12.2.0-14
2024-09-27 06:03:34 status half-installed liblsan0:amd64 12.2.0-14
2024-09-27 06:03:34 status unpacked liblsan0:amd64 12.2.0-14
2024-09-27 06:03:34 install libtsan2:amd64 <none> 12.2.0-14
2024-09-27 06:03:34 status half-installed libtsan2:amd64 12.2.0-14
2024-09-27 06:03:35 status unpacked libtsan2:amd64 12.2.0-14
2024-09-27 06:03:35 install libubsan1:amd64 <none> 12.2.0-14
2024-09-27 06:03:35 status half-installed libubsan1:amd64 12.2.0-14
2024-09-27 06:03:35 status unpacked libubsan1:amd64 12.2.0-14
2024-09-27 06:03:35 install libquadmath0:amd64 <none> 12.2.0-14
2024-09-27 06:03:35 status half-installed libquadmath0:amd64 12.2.0-14
2024-09-27 06:03:35 status unpacked libquadmath0:amd64 12.2.0-14
2024-09-27 06:03:35 install libgcc-12-dev:amd64 <none> 12.2.0-14
2024-09-27 06:03:35 status half-installed libgcc-12-dev:amd64 12.2.0-14
2024-09-27 06:03:35 status unpacked libgcc-12-dev:amd64 12.2.0-14
2024-09-27 06:03:35 install gcc-12:amd64 <none> 12.2.0-14
2024-09-27 06:03:35 status half-installed gcc-12:amd64 12.2.0-14
2024-09-27 06:03:36 status unpacked gcc-12:amd64 12.2.0-14
2024-09-27 06:03:36 install gcc:amd64 <none> 4:12.2.0-3
2024-09-27 06:03:36 status half-installed gcc:amd64 4:12.2.0-3
2024-09-27 06:03:36 status unpacked gcc:amd64 4:12.2.0-3
2024-09-27 06:03:36 install libc-dev-bin:amd64 <none> 2.36-9+deb12u8
2024-09-27 06:03:36 status half-installed libc-dev-bin:amd64 2.36-9+deb12u8
2024-09-27 06:03:36 status unpacked libc-dev-bin:amd64 2.36-9+deb12u8
2024-09-27 06:03:36 install linux-libc-dev:amd64 <none> 6.1.106-3
2024-09-27 06:03:36 status half-installed linux-libc-dev:amd64 6.1.106-3
2024-09-27 06:03:36 status unpacked linux-libc-dev:amd64 6.1.106-3
2024-09-27 06:03:36 install libcrypt-dev:amd64 <none> 1:4.4.33-2
2024-09-27 06:03:36 status half-installed libcrypt-dev:amd64 1:4.4.33-2
2024-09-27 06:03:36 status unpacked libcrypt-dev:amd64 1:4.4.33-2
2024-09-27 06:03:36 install libkrb5support0:amd64 <none> 1.20.1-2+deb12u2
2024-09-27 06:03:36 status half-installed libkrb5support0:amd64 1.20.1-2+deb12u2
2024-09-27 06:03:36 status unpacked libkrb5support0:amd64 1.20.1-2+deb12u2
2024-09-27 06:03:36 install libk5crypto3:amd64 <none> 1.20.1-2+deb12u2
2024-09-27 06:03:36 status half-installed libk5crypto3:amd64 1.20.1-2+deb12u2
2024-09-27 06:03:36 status unpacked libk5crypto3:amd64 1.20.1-2+deb12u2
2024-09-27 06:03:36 install libkeyutils1:amd64 <none> 1.6.3-2
2024-09-27 06:03:36 status half-installed libkeyutils1:amd64 1.6.3-2
2024-09-27 06:03:36 status unpacked libkeyutils1:amd64 1.6.3-2
2024-09-27 06:03:36 install libkrb5-3:amd64 <none> 1.20.1-2+deb12u2
2024-09-27 06:03:36 status half-installed libkrb5-3:amd64 1.20.1-2+deb12u2
2024-09-27 06:03:36 status unpacked libkrb5-3:amd64 1.20.1-2+deb12u2
2024-09-27 06:03:36 install libgssapi-krb5-2:amd64 <none> 1.20.1-2+deb12u2
2024-09-27 06:03:36 status half-installed libgssapi-krb5-2:amd64 1.20.1-2+deb12u2
2024-09-27 06:03:36 status unpacked libgssapi-krb5-2:amd64 1.20.1-2+deb12u2
2024-09-27 06:03:36 install libtirpc-common:all <none> 1.3.3+ds-1
2024-09-27 06:03:36 status half-installed libtirpc-common:all 1.3.3+ds-1
2024-09-27 06:03:36 status unpacked libtirpc-common:all 1.3.3+ds-1
2024-09-27 06:03:36 install libtirpc3:amd64 <none> 1.3.3+ds-1
2024-09-27 06:03:36 status half-installed libtirpc3:amd64 1.3.3+ds-1
2024-09-27 06:03:36 status unpacked libtirpc3:amd64 1.3.3+ds-1
2024-09-27 06:03:36 install libnsl2:amd64 <none> 1.3.0-2
2024-09-27 06:03:36 status half-installed libnsl2:amd64 1.3.0-2
2024-09-27 06:03:36 status unpacked libnsl2:amd64 1.3.0-2
2024-09-27 06:03:36 install libtirpc-dev:amd64 <none> 1.3.3+ds-1
2024-09-27 06:03:36 status half-installed libtirpc-dev:amd64 1.3.3+ds-1
2024-09-27 06:03:36 status unpacked libtirpc-dev:amd64 1.3.3+ds-1
2024-09-27 06:03:36 install libnsl-dev:amd64 <none> 1.3.0-2
2024-09-27 06:03:36 status half-installed libnsl-dev:amd64 1.3.0-2
2024-09-27 06:03:36 status unpacked libnsl-dev:amd64 1.3.0-2
2024-09-27 06:03:36 install rpcsvc-proto:amd64 <none> 1.4.3-1
2024-09-27 06:03:36 status half-installed rpcsvc-proto:amd64 1.4.3-1
2024-09-27 06:03:36 status unpacked rpcsvc-proto:amd64 1.4.3-1
2024-09-27 06:03:36 install libc6-dev:amd64 <none> 2.36-9+deb12u8
2024-09-27 06:03:36 status half-installed libc6-dev:amd64 2.36-9+deb12u8
2024-09-27 06:03:36 status unpacked libc6-dev:amd64 2.36-9+deb12u8
2024-09-27 06:03:36 install libssl-dev:amd64 <none> 3.0.14-1~deb12u2
2024-09-27 06:03:36 status half-installed libssl-dev:amd64 3.0.14-1~deb12u2
2024-09-27 06:03:36 status unpacked libssl-dev:amd64 3.0.14-1~deb12u2
2024-09-27 06:03:36 startup packages configure
2024-09-27 06:03:36 configure libkeyutils1:amd64 1.6.3-2 <none>
2024-09-27 06:03:36 status unpacked libkeyutils1:amd64 1.6.3-2
2024-09-27 06:03:36 status half-configured libkeyutils1:amd64 1.6.3-2
2024-09-27 06:03:36 status installed libkeyutils1:amd64 1.6.3-2
2024-09-27 06:03:36 configure libpsl5:amd64 0.21.2-1 <none>
2024-09-27 06:03:36 status unpacked libpsl5:amd64 0.21.2-1
2024-09-27 06:03:36 status half-configured libpsl5:amd64 0.21.2-1
2024-09-27 06:03:36 status installed libpsl5:amd64 0.21.2-1
2024-09-27 06:03:36 configure wget:amd64 1.21.3-1+b2 <none>
2024-09-27 06:03:36 status unpacked wget:amd64 1.21.3-1+b2
2024-09-27 06:03:36 status half-configured wget:amd64 1.21.3-1+b2
2024-09-27 06:03:36 status installed wget:amd64 1.21.3-1+b2
2024-09-27 06:03:36 configure libtirpc-common:all 1.3.3+ds-1 <none>
2024-09-27 06:03:36 status unpacked libtirpc-common:all 1.3.3+ds-1
2024-09-27 06:03:36 status half-configured libtirpc-common:all 1.3.3+ds-1
2024-09-27 06:03:36 status installed libtirpc-common:all 1.3.3+ds-1
2024-09-27 06:03:36 configure binutils-common:amd64 2.40-2 <none>
2024-09-27 06:03:36 status unpacked binutils-common:amd64 2.40-2
2024-09-27 06:03:36 status half-configured binutils-common:amd64 2.40-2
2024-09-27 06:03:36 status installed binutils-common:amd64 2.40-2
2024-09-27 06:03:36 configure libssl3:amd64 3.0.14-1~deb12u2 <none>
2024-09-27 06:03:36 status unpacked libssl3:amd64 3.0.14-1~deb12u2
2024-09-27 06:03:36 status half-configured libssl3:amd64 3.0.14-1~deb12u2
2024-09-27 06:03:36 status installed libssl3:amd64 3.0.14-1~deb12u2
2024-09-27 06:03:36 configure linux-libc-dev:amd64 6.1.106-3 <none>
2024-09-27 06:03:36 status unpacked linux-libc-dev:amd64 6.1.106-3
2024-09-27 06:03:36 status half-configured linux-libc-dev:amd64 6.1.106-3
2024-09-27 06:03:36 status installed linux-libc-dev:amd64 6.1.106-3
2024-09-27 06:03:36 configure libctf-nobfd0:amd64 2.40-2 <none>
2024-09-27 06:03:36 status unpacked libctf-nobfd0:amd64 2.40-2
2024-09-27 06:03:36 status half-configured libctf-nobfd0:amd64 2.40-2
2024-09-27 06:03:36 status installed libctf-nobfd0:amd64 2.40-2
2024-09-27 06:03:36 configure libgomp1:amd64 12.2.0-14 <none>
2024-09-27 06:03:36 status unpacked libgomp1:amd64 12.2.0-14
2024-09-27 06:03:36 status half-configured libgomp1:amd64 12.2.0-14
2024-09-27 06:03:36 status installed libgomp1:amd64 12.2.0-14
2024-09-27 06:03:36 configure bzip2:amd64 1.0.8-5+b1 <none>
2024-09-27 06:03:36 status unpacked bzip2:amd64 1.0.8-5+b1
2024-09-27 06:03:36 status half-configured bzip2:amd64 1.0.8-5+b1
2024-09-27 06:03:36 status installed bzip2:amd64 1.0.8-5+b1
2024-09-27 06:03:36 configure libjansson4:amd64 2.14-2 <none>
2024-09-27 06:03:36 status unpacked libjansson4:amd64 2.14-2
2024-09-27 06:03:36 status half-configured libjansson4:amd64 2.14-2
2024-09-27 06:03:36 status installed libjansson4:amd64 2.14-2
2024-09-27 06:03:36 configure libkrb5support0:amd64 1.20.1-2+deb12u2 <none>
2024-09-27 06:03:36 status unpacked libkrb5support0:amd64 1.20.1-2+deb12u2
2024-09-27 06:03:36 status half-configured libkrb5support0:amd64 1.20.1-2+deb12u2
2024-09-27 06:03:36 status installed libkrb5support0:amd64 1.20.1-2+deb12u2
2024-09-27 06:03:36 configure perl-modules-5.36:all 5.36.0-7+deb12u1 <none>
2024-09-27 06:03:36 status unpacked perl-modules-5.36:all 5.36.0-7+deb12u1
2024-09-27 06:03:36 status half-configured perl-modules-5.36:all 5.36.0-7+deb12u1
2024-09-27 06:03:36 status installed perl-modules-5.36:all 5.36.0-7+deb12u1
2024-09-27 06:03:36 configure rpcsvc-proto:amd64 1.4.3-1 <none>
2024-09-27 06:03:36 status unpacked rpcsvc-proto:amd64 1.4.3-1
2024-09-27 06:03:36 status half-configured rpcsvc-proto:amd64 1.4.3-1
2024-09-27 06:03:36 status installed rpcsvc-proto:amd64 1.4.3-1
2024-09-27 06:03:36 configure make:amd64 4.3-4.1 <none>
2024-09-27 06:03:36 status unpacked make:amd64 4.3-4.1
2024-09-27 06:03:36 status half-configured make:amd64 4.3-4.1
2024-09-27 06:03:36 status installed make:amd64 4.3-4.1
2024-09-27 06:03:36 configure libmpfr6:amd64 4.2.0-1 <none>
2024-09-27 06:03:36 status unpacked libmpfr6:amd64 4.2.0-1
2024-09-27 06:03:36 status half-configured libmpfr6:amd64 4.2.0-1
2024-09-27 06:03:36 status installed libmpfr6:amd64 4.2.0-1
2024-09-27 06:03:36 configure xz-utils:amd64 5.4.1-0.2 <none>
2024-09-27 06:03:36 status unpacked xz-utils:amd64 5.4.1-0.2
2024-09-27 06:03:36 status half-configured xz-utils:amd64 5.4.1-0.2
2024-09-27 06:03:36 status installed xz-utils:amd64 5.4.1-0.2
2024-09-27 06:03:36 configure libquadmath0:amd64 12.2.0-14 <none>
2024-09-27 06:03:36 status unpacked libquadmath0:amd64 12.2.0-14
2024-09-27 06:03:36 status half-configured libquadmath0:amd64 12.2.0-14
2024-09-27 06:03:36 status installed libquadmath0:amd64 12.2.0-14
2024-09-27 06:03:36 configure libssl-dev:amd64 3.0.14-1~deb12u2 <none>
2024-09-27 06:03:36 status unpacked libssl-dev:amd64 3.0.14-1~deb12u2
2024-09-27 06:03:36 status half-configured libssl-dev:amd64 3.0.14-1~deb12u2
2024-09-27 06:03:36 status installed libssl-dev:amd64 3.0.14-1~deb12u2
2024-09-27 06:03:36 configure libmpc3:amd64 1.3.1-1 <none>
2024-09-27 06:03:36 status unpacked libmpc3:amd64 1.3.1-1
2024-09-27 06:03:36 status half-configured libmpc3:amd64 1.3.1-1
2024-09-27 06:03:36 status installed libmpc3:amd64 1.3.1-1
2024-09-27 06:03:36 configure libatomic1:amd64 12.2.0-14 <none>
2024-09-27 06:03:36 status unpacked libatomic1:amd64 12.2.0-14
2024-09-27 06:03:36 status half-configured libatomic1:amd64 12.2.0-14
2024-09-27 06:03:36 status installed libatomic1:amd64 12.2.0-14
2024-09-27 06:03:36 configure patch:amd64 2.7.6-7 <none>
2024-09-27 06:03:36 status unpacked patch:amd64 2.7.6-7
2024-09-27 06:03:36 status half-configured patch:amd64 2.7.6-7
2024-09-27 06:03:36 status installed patch:amd64 2.7.6-7
2024-09-27 06:03:36 configure libk5crypto3:amd64 1.20.1-2+deb12u2 <none>
2024-09-27 06:03:36 status unpacked libk5crypto3:amd64 1.20.1-2+deb12u2
2024-09-27 06:03:36 status half-configured libk5crypto3:amd64 1.20.1-2+deb12u2
2024-09-27 06:03:36 status installed libk5crypto3:amd64 1.20.1-2+deb12u2
2024-09-27 06:03:36 configure libubsan1:amd64 12.2.0-14 <none>
2024-09-27 06:03:36 status unpacked libubsan1:amd64 12.2.0-14
2024-09-27 06:03:36 status half-configured libubsan1:amd64 12.2.0-14
2024-09-27 06:03:36 status installed libubsan1:amd64 12.2.0-14
2024-09-27 06:03:36 configure libcrypt-dev:amd64 1:4.4.33-2 <none>
2024-09-27 06:03:36 status unpacked libcrypt-dev:amd64 1:4.4.33-2
2024-09-27 06:03:36 status half-configured libcrypt-dev:amd64 1:4.4.33-2
2024-09-27 06:03:36 status installed libcrypt-dev:amd64 1:4.4.33-2
2024-09-27 06:03:36 configure libasan8:amd64 12.2.0-14 <none>
2024-09-27 06:03:36 status unpacked libasan8:amd64 12.2.0-14
2024-09-27 06:03:36 status half-configured libasan8:amd64 12.2.0-14
2024-09-27 06:03:36 status installed libasan8:amd64 12.2.0-14
2024-09-27 06:03:36 configure libkrb5-3:amd64 1.20.1-2+deb12u2 <none>
2024-09-27 06:03:36 status unpacked libkrb5-3:amd64 1.20.1-2+deb12u2
2024-09-27 06:03:36 status half-configured libkrb5-3:amd64 1.20.1-2+deb12u2
2024-09-27 06:03:36 status installed libkrb5-3:amd64 1.20.1-2+deb12u2
2024-09-27 06:03:36 configure libtsan2:amd64 12.2.0-14 <none>
2024-09-27 06:03:36 status unpacked libtsan2:amd64 12.2.0-14
2024-09-27 06:03:36 status half-configured libtsan2:amd64 12.2.0-14
2024-09-27 06:03:36 status installed libtsan2:amd64 12.2.0-14
2024-09-27 06:03:36 configure libbinutils:amd64 2.40-2 <none>
2024-09-27 06:03:36 status unpacked libbinutils:amd64 2.40-2
2024-09-27 06:03:36 status half-configured libbinutils:amd64 2.40-2
2024-09-27 06:03:36 status installed libbinutils:amd64 2.40-2
2024-09-27 06:03:36 configure libisl23:amd64 0.25-1.1 <none>
2024-09-27 06:03:36 status unpacked libisl23:amd64 0.25-1.1
2024-09-27 06:03:36 status half-configured libisl23:amd64 0.25-1.1
2024-09-27 06:03:36 status installed libisl23:amd64 0.25-1.1
2024-09-27 06:03:36 configure libc-dev-bin:amd64 2.36-9+deb12u8 <none>
2024-09-27 06:03:36 status unpacked libc-dev-bin:amd64 2.36-9+deb12u8
2024-09-27 06:03:36 status half-configured libc-dev-bin:amd64 2.36-9+deb12u8
2024-09-27 06:03:36 status installed libc-dev-bin:amd64 2.36-9+deb12u8
2024-09-27 06:03:36 configure openssl:amd64 3.0.14-1~deb12u2 <none>
2024-09-27 06:03:36 status unpacked openssl:amd64 3.0.14-1~deb12u2
2024-09-27 06:03:36 status half-configured openssl:amd64 3.0.14-1~deb12u2
2024-09-27 06:03:36 status installed openssl:amd64 3.0.14-1~deb12u2
2024-09-27 06:03:36 configure libcc1-0:amd64 12.2.0-14 <none>
2024-09-27 06:03:36 status unpacked libcc1-0:amd64 12.2.0-14
2024-09-27 06:03:36 status half-configured libcc1-0:amd64 12.2.0-14
2024-09-27 06:03:36 status installed libcc1-0:amd64 12.2.0-14
2024-09-27 06:03:36 configure liblsan0:amd64 12.2.0-14 <none>
2024-09-27 06:03:36 status unpacked liblsan0:amd64 12.2.0-14
2024-09-27 06:03:36 status half-configured liblsan0:amd64 12.2.0-14
2024-09-27 06:03:36 status installed liblsan0:amd64 12.2.0-14
2024-09-27 06:03:36 configure libitm1:amd64 12.2.0-14 <none>
2024-09-27 06:03:36 status unpacked libitm1:amd64 12.2.0-14
2024-09-27 06:03:36 status half-configured libitm1:amd64 12.2.0-14
2024-09-27 06:03:36 status installed libitm1:amd64 12.2.0-14
2024-09-27 06:03:36 configure libgdbm6:amd64 1.23-3 <none>
2024-09-27 06:03:36 status unpacked libgdbm6:amd64 1.23-3
2024-09-27 06:03:36 status half-configured libgdbm6:amd64 1.23-3
2024-09-27 06:03:36 status installed libgdbm6:amd64 1.23-3
2024-09-27 06:03:36 configure libctf0:amd64 2.40-2 <none>
2024-09-27 06:03:36 status unpacked libctf0:amd64 2.40-2
2024-09-27 06:03:36 status half-configured libctf0:amd64 2.40-2
2024-09-27 06:03:36 status installed libctf0:amd64 2.40-2
2024-09-27 06:03:36 configure cpp-12:amd64 12.2.0-14 <none>
2024-09-27 06:03:36 status unpacked cpp-12:amd64 12.2.0-14
2024-09-27 06:03:36 status half-configured cpp-12:amd64 12.2.0-14
2024-09-27 06:03:36 status installed cpp-12:amd64 12.2.0-14
2024-09-27 06:03:36 configure ca-certificates:all 20230311 <none>
2024-09-27 06:03:36 status unpacked ca-certificates:all 20230311
2024-09-27 06:03:36 status half-configured ca-certificates:all 20230311
2024-09-27 06:03:37 status installed ca-certificates:all 20230311
2024-09-27 06:03:37 status triggers-pending ca-certificates:all 20230311
2024-09-27 06:03:37 configure libgprofng0:amd64 2.40-2 <none>
2024-09-27 06:03:37 status unpacked libgprofng0:amd64 2.40-2
2024-09-27 06:03:37 status half-configured libgprofng0:amd64 2.40-2
2024-09-27 06:03:37 status installed libgprofng0:amd64 2.40-2
2024-09-27 06:03:37 configure libgcc-12-dev:amd64 12.2.0-14 <none>
2024-09-27 06:03:37 status unpacked libgcc-12-dev:amd64 12.2.0-14
2024-09-27 06:03:37 status half-configured libgcc-12-dev:amd64 12.2.0-14
2024-09-27 06:03:37 status installed libgcc-12-dev:amd64 12.2.0-14
2024-09-27 06:03:37 configure libgssapi-krb5-2:amd64 1.20.1-2+deb12u2 <none>
2024-09-27 06:03:37 status unpacked libgssapi-krb5-2:amd64 1.20.1-2+deb12u2
2024-09-27 06:03:37 status half-configured libgssapi-krb5-2:amd64 1.20.1-2+deb12u2
2024-09-27 06:03:37 status installed libgssapi-krb5-2:amd64 1.20.1-2+deb12u2
2024-09-27 06:03:37 configure libgdbm-compat4:amd64 1.23-3 <none>
2024-09-27 06:03:37 status unpacked libgdbm-compat4:amd64 1.23-3
2024-09-27 06:03:37 status half-configured libgdbm-compat4:amd64 1.23-3
2024-09-27 06:03:37 status installed libgdbm-compat4:amd64 1.23-3
2024-09-27 06:03:37 configure cpp:amd64 4:12.2.0-3 <none>
2024-09-27 06:03:37 status unpacked cpp:amd64 4:12.2.0-3
2024-09-27 06:03:37 status half-configured cpp:amd64 4:12.2.0-3
2024-09-27 06:03:37 status installed cpp:amd64 4:12.2.0-3
2024-09-27 06:03:37 configure libperl5.36:amd64 5.36.0-7+deb12u1 <none>
2024-09-27 06:03:37 status unpacked libperl5.36:amd64 5.36.0-7+deb12u1
2024-09-27 06:03:37 status half-configured libperl5.36:amd64 5.36.0-7+deb12u1
2024-09-27 06:03:37 status installed libperl5.36:amd64 5.36.0-7+deb12u1
2024-09-27 06:03:37 configure binutils-x86-64-linux-gnu:amd64 2.40-2 <none>
2024-09-27 06:03:37 status unpacked binutils-x86-64-linux-gnu:amd64 2.40-2
2024-09-27 06:03:37 status half-configured binutils-x86-64-linux-gnu:amd64 2.40-2
2024-09-27 06:03:37 status installed binutils-x86-64-linux-gnu:amd64 2.40-2
2024-09-27 06:03:37 configure libtirpc3:amd64 1.3.3+ds-1 <none>
2024-09-27 06:03:37 status unpacked libtirpc3:amd64 1.3.3+ds-1
2024-09-27 06:03:37 status half-configured libtirpc3:amd64 1.3.3+ds-1
2024-09-27 06:03:37 status installed libtirpc3:amd64 1.3.3+ds-1
2024-09-27 06:03:37 configure binutils:amd64 2.40-2 <none>
2024-09-27 06:03:37 status unpacked binutils:amd64 2.40-2
2024-09-27 06:03:37 status half-configured binutils:amd64 2.40-2
2024-09-27 06:03:37 status installed binutils:amd64 2.40-2
2024-09-27 06:03:37 configure perl:amd64 5.36.0-7+deb12u1 <none>
2024-09-27 06:03:37 status unpacked perl:amd64 5.36.0-7+deb12u1
2024-09-27 06:03:37 status half-configured perl:amd64 5.36.0-7+deb12u1
2024-09-27 06:03:37 status installed perl:amd64 5.36.0-7+deb12u1
2024-09-27 06:03:37 configure libtirpc-dev:amd64 1.3.3+ds-1 <none>
2024-09-27 06:03:37 status unpacked libtirpc-dev:amd64 1.3.3+ds-1
2024-09-27 06:03:37 status half-configured libtirpc-dev:amd64 1.3.3+ds-1
2024-09-27 06:03:37 status installed libtirpc-dev:amd64 1.3.3+ds-1
2024-09-27 06:03:37 configure gcc-12:amd64 12.2.0-14 <none>
2024-09-27 06:03:37 status unpacked gcc-12:amd64 12.2.0-14
2024-09-27 06:03:37 status half-configured gcc-12:amd64 12.2.0-14
2024-09-27 06:03:37 status installed gcc-12:amd64 12.2.0-14
2024-09-27 06:03:37 configure libdpkg-perl:all 1.21.22 <none>
2024-09-27 06:03:37 status unpacked libdpkg-perl:all 1.21.22
2024-09-27 06:03:37 status half-configured libdpkg-perl:all 1.21.22
2024-09-27 06:03:37 status installed libdpkg-perl:all 1.21.22
2024-09-27 06:03:37 configure libnsl2:amd64 1.3.0-2 <none>
2024-09-27 06:03:37 status unpacked libnsl2:amd64 1.3.0-2
2024-09-27 06:03:37 status half-configured libnsl2:amd64 1.3.0-2
2024-09-27 06:03:37 status installed libnsl2:amd64 1.3.0-2
2024-09-27 06:03:37 configure gcc:amd64 4:12.2.0-3 <none>
2024-09-27 06:03:37 status unpacked gcc:amd64 4:12.2.0-3
2024-09-27 06:03:37 status half-configured gcc:amd64 4:12.2.0-3
2024-09-27 06:03:37 status installed gcc:amd64 4:12.2.0-3
2024-09-27 06:03:37 configure dpkg-dev:all 1.21.22 <none>
2024-09-27 06:03:37 status unpacked dpkg-dev:all 1.21.22
2024-09-27 06:03:37 status half-configured dpkg-dev:all 1.21.22
2024-09-27 06:03:37 status installed dpkg-dev:all 1.21.22
2024-09-27 06:03:37 configure libnsl-dev:amd64 1.3.0-2 <none>
2024-09-27 06:03:37 status unpacked libnsl-dev:amd64 1.3.0-2
2024-09-27 06:03:37 status half-configured libnsl-dev:amd64 1.3.0-2
2024-09-27 06:03:37 status installed libnsl-dev:amd64 1.3.0-2
2024-09-27 06:03:37 configure libc6-dev:amd64 2.36-9+deb12u8 <none>
2024-09-27 06:03:37 status unpacked libc6-dev:amd64 2.36-9+deb12u8
2024-09-27 06:03:37 status half-configured libc6-dev:amd64 2.36-9+deb12u8
2024-09-27 06:03:37 status installed libc6-dev:amd64 2.36-9+deb12u8
2024-09-27 06:03:38 trigproc libc-bin:amd64 2.36-9+deb12u8 <none>
2024-09-27 06:03:38 status half-configured libc-bin:amd64 2.36-9+deb12u8
2024-09-27 06:03:38 status installed libc-bin:amd64 2.36-9+deb12u8
2024-09-27 06:03:38 trigproc ca-certificates:all 20230311 <none>
2024-09-27 06:03:38 status half-configured ca-certificates:all 20230311
2024-09-27 06:03:38 status installed ca-certificates:all 20230311
2024-09-27 06:04:41 startup packages remove
2024-09-27 06:04:41 status installed gcc:amd64 4:12.2.0-3
2024-09-27 06:04:41 remove gcc:amd64 4:12.2.0-3 <none>
2024-09-27 06:04:41 status half-configured gcc:amd64 4:12.2.0-3
2024-09-27 06:04:41 status half-installed gcc:amd64 4:12.2.0-3
2024-09-27 06:04:41 status config-files gcc:amd64 4:12.2.0-3
2024-09-27 06:04:41 status not-installed gcc:amd64 <none>
2024-09-27 06:04:41 status installed gcc-12:amd64 12.2.0-14
2024-09-27 06:04:41 remove gcc-12:amd64 12.2.0-14 <none>
2024-09-27 06:04:41 status half-configured gcc-12:amd64 12.2.0-14
2024-09-27 06:04:41 status half-installed gcc-12:amd64 12.2.0-14
2024-09-27 06:04:41 status config-files gcc-12:amd64 12.2.0-14
2024-09-27 06:04:41 status not-installed gcc-12:amd64 <none>
2024-09-27 06:04:41 status installed dpkg-dev:all 1.21.22
2024-09-27 06:04:41 remove dpkg-dev:all 1.21.22 <none>
2024-09-27 06:04:41 status half-configured dpkg-dev:all 1.21.22
2024-09-27 06:04:41 status half-installed dpkg-dev:all 1.21.22
2024-09-27 06:04:41 status config-files dpkg-dev:all 1.21.22
2024-09-27 06:04:41 status installed binutils:amd64 2.40-2
2024-09-27 06:04:41 remove binutils:amd64 2.40-2 <none>
2024-09-27 06:04:41 status half-configured binutils:amd64 2.40-2
2024-09-27 06:04:41 status half-installed binutils:amd64 2.40-2
2024-09-27 06:04:41 status config-files binutils:amd64 2.40-2
2024-09-27 06:04:41 status not-installed binutils:amd64 <none>
2024-09-27 06:04:41 status installed binutils-x86-64-linux-gnu:amd64 2.40-2
2024-09-27 06:04:41 remove binutils-x86-64-linux-gnu:amd64 2.40-2 <none>
2024-09-27 06:04:41 status half-configured binutils-x86-64-linux-gnu:amd64 2.40-2
2024-09-27 06:04:41 status half-installed binutils-x86-64-linux-gnu:amd64 2.40-2
2024-09-27 06:04:41 status config-files binutils-x86-64-linux-gnu:amd64 2.40-2
2024-09-27 06:04:41 status not-installed binutils-x86-64-linux-gnu:amd64 <none>
2024-09-27 06:04:41 status installed libgprofng0:amd64 2.40-2
2024-09-27 06:04:41 remove libgprofng0:amd64 2.40-2 <none>
2024-09-27 06:04:41 status triggers-pending libc-bin:amd64 2.36-9+deb12u8
2024-09-27 06:04:41 status half-configured libgprofng0:amd64 2.40-2
2024-09-27 06:04:41 status half-installed libgprofng0:amd64 2.40-2
2024-09-27 06:04:41 status config-files libgprofng0:amd64 2.40-2
2024-09-27 06:04:41 status not-installed libgprofng0:amd64 <none>
2024-09-27 06:04:41 status installed libctf0:amd64 2.40-2
2024-09-27 06:04:41 remove libctf0:amd64 2.40-2 <none>
2024-09-27 06:04:41 status half-configured libctf0:amd64 2.40-2
2024-09-27 06:04:41 status half-installed libctf0:amd64 2.40-2
2024-09-27 06:04:41 status config-files libctf0:amd64 2.40-2
2024-09-27 06:04:41 status not-installed libctf0:amd64 <none>
2024-09-27 06:04:41 status installed libbinutils:amd64 2.40-2
2024-09-27 06:04:41 remove libbinutils:amd64 2.40-2 <none>
2024-09-27 06:04:41 status half-configured libbinutils:amd64 2.40-2
2024-09-27 06:04:41 status half-installed libbinutils:amd64 2.40-2
2024-09-27 06:04:41 status config-files libbinutils:amd64 2.40-2
2024-09-27 06:04:41 status not-installed libbinutils:amd64 <none>
2024-09-27 06:04:41 status installed binutils-common:amd64 2.40-2
2024-09-27 06:04:41 remove binutils-common:amd64 2.40-2 <none>
2024-09-27 06:04:41 status half-configured binutils-common:amd64 2.40-2
2024-09-27 06:04:41 status half-installed binutils-common:amd64 2.40-2
2024-09-27 06:04:41 status config-files binutils-common:amd64 2.40-2
2024-09-27 06:04:41 status installed bzip2:amd64 1.0.8-5+b1
2024-09-27 06:04:41 remove bzip2:amd64 1.0.8-5+b1 <none>
2024-09-27 06:04:41 status half-configured bzip2:amd64 1.0.8-5+b1
2024-09-27 06:04:41 status half-installed bzip2:amd64 1.0.8-5+b1
2024-09-27 06:04:41 status config-files bzip2:amd64 1.0.8-5+b1
2024-09-27 06:04:41 status not-installed bzip2:amd64 <none>
2024-09-27 06:04:41 status installed ca-certificates:all 20230311
2024-09-27 06:04:41 remove ca-certificates:all 20230311 <none>
2024-09-27 06:04:41 status half-configured ca-certificates:all 20230311
2024-09-27 06:04:41 status half-installed ca-certificates:all 20230311
2024-09-27 06:04:42 status config-files ca-certificates:all 20230311
2024-09-27 06:04:42 status installed cpp:amd64 4:12.2.0-3
2024-09-27 06:04:42 remove cpp:amd64 4:12.2.0-3 <none>
2024-09-27 06:04:42 status half-configured cpp:amd64 4:12.2.0-3
2024-09-27 06:04:42 status half-installed cpp:amd64 4:12.2.0-3
2024-09-27 06:04:42 status config-files cpp:amd64 4:12.2.0-3
2024-09-27 06:04:42 status not-installed cpp:amd64 <none>
2024-09-27 06:04:42 status installed cpp-12:amd64 12.2.0-14
2024-09-27 06:04:42 remove cpp-12:amd64 12.2.0-14 <none>
2024-09-27 06:04:42 status half-configured cpp-12:amd64 12.2.0-14
2024-09-27 06:04:42 status half-installed cpp-12:amd64 12.2.0-14
2024-09-27 06:04:42 status config-files cpp-12:amd64 12.2.0-14
2024-09-27 06:04:42 status not-installed cpp-12:amd64 <none>
2024-09-27 06:04:42 status installed libgcc-12-dev:amd64 12.2.0-14
2024-09-27 06:04:42 remove libgcc-12-dev:amd64 12.2.0-14 <none>
2024-09-27 06:04:42 status half-configured libgcc-12-dev:amd64 12.2.0-14
2024-09-27 06:04:42 status half-installed libgcc-12-dev:amd64 12.2.0-14
2024-09-27 06:04:42 status config-files libgcc-12-dev:amd64 12.2.0-14
2024-09-27 06:04:42 status not-installed libgcc-12-dev:amd64 <none>
2024-09-27 06:04:42 status installed libasan8:amd64 12.2.0-14
2024-09-27 06:04:42 remove libasan8:amd64 12.2.0-14 <none>
2024-09-27 06:04:42 status half-configured libasan8:amd64 12.2.0-14
2024-09-27 06:04:42 status half-installed libasan8:amd64 12.2.0-14
2024-09-27 06:04:42 status config-files libasan8:amd64 12.2.0-14
2024-09-27 06:04:42 status not-installed libasan8:amd64 <none>
2024-09-27 06:04:42 status installed libatomic1:amd64 12.2.0-14
2024-09-27 06:04:42 remove libatomic1:amd64 12.2.0-14 <none>
2024-09-27 06:04:42 status half-configured libatomic1:amd64 12.2.0-14
2024-09-27 06:04:42 status half-installed libatomic1:amd64 12.2.0-14
2024-09-27 06:04:42 status config-files libatomic1:amd64 12.2.0-14
2024-09-27 06:04:42 status not-installed libatomic1:amd64 <none>
2024-09-27 06:04:42 status installed libc6-dev:amd64 2.36-9+deb12u8
2024-09-27 06:04:42 remove libc6-dev:amd64 2.36-9+deb12u8 <none>
2024-09-27 06:04:42 status half-configured libc6-dev:amd64 2.36-9+deb12u8
2024-09-27 06:04:42 status half-installed libc6-dev:amd64 2.36-9+deb12u8
2024-09-27 06:04:42 status config-files libc6-dev:amd64 2.36-9+deb12u8
2024-09-27 06:04:42 status not-installed libc6-dev:amd64 <none>
2024-09-27 06:04:42 status installed libc-dev-bin:amd64 2.36-9+deb12u8
2024-09-27 06:04:42 remove libc-dev-bin:amd64 2.36-9+deb12u8 <none>
2024-09-27 06:04:42 status half-configured libc-dev-bin:amd64 2.36-9+deb12u8
2024-09-27 06:04:42 status half-installed libc-dev-bin:amd64 2.36-9+deb12u8
2024-09-27 06:04:42 status config-files libc-dev-bin:amd64 2.36-9+deb12u8
2024-09-27 06:04:42 status not-installed libc-dev-bin:amd64 <none>
2024-09-27 06:04:42 status installed libcc1-0:amd64 12.2.0-14
2024-09-27 06:04:42 remove libcc1-0:amd64 12.2.0-14 <none>
2024-09-27 06:04:42 status half-configured libcc1-0:amd64 12.2.0-14
2024-09-27 06:04:42 status half-installed libcc1-0:amd64 12.2.0-14
2024-09-27 06:04:42 status config-files libcc1-0:amd64 12.2.0-14
2024-09-27 06:04:42 status not-installed libcc1-0:amd64 <none>
2024-09-27 06:04:42 status installed libcrypt-dev:amd64 1:4.4.33-2
2024-09-27 06:04:42 remove libcrypt-dev:amd64 1:4.4.33-2 <none>
2024-09-27 06:04:42 status half-configured libcrypt-dev:amd64 1:4.4.33-2
2024-09-27 06:04:42 status half-installed libcrypt-dev:amd64 1:4.4.33-2
2024-09-27 06:04:42 status config-files libcrypt-dev:amd64 1:4.4.33-2
2024-09-27 06:04:42 status installed libctf-nobfd0:amd64 2.40-2
2024-09-27 06:04:42 remove libctf-nobfd0:amd64 2.40-2 <none>
2024-09-27 06:04:42 status half-configured libctf-nobfd0:amd64 2.40-2
2024-09-27 06:04:42 status half-installed libctf-nobfd0:amd64 2.40-2
2024-09-27 06:04:42 status config-files libctf-nobfd0:amd64 2.40-2
2024-09-27 06:04:42 status not-installed libctf-nobfd0:amd64 <none>
2024-09-27 06:04:42 status installed libdpkg-perl:all 1.21.22
2024-09-27 06:04:42 remove libdpkg-perl:all 1.21.22 <none>
2024-09-27 06:04:42 status half-configured libdpkg-perl:all 1.21.22
2024-09-27 06:04:42 status half-installed libdpkg-perl:all 1.21.22
2024-09-27 06:04:42 status config-files libdpkg-perl:all 1.21.22
2024-09-27 06:04:42 status not-installed libdpkg-perl:all <none>
2024-09-27 06:04:42 status installed perl:amd64 5.36.0-7+deb12u1
2024-09-27 06:04:42 remove perl:amd64 5.36.0-7+deb12u1 <none>
2024-09-27 06:04:42 status half-configured perl:amd64 5.36.0-7+deb12u1
2024-09-27 06:04:42 status half-installed perl:amd64 5.36.0-7+deb12u1
2024-09-27 06:04:42 status config-files perl:amd64 5.36.0-7+deb12u1
2024-09-27 06:04:42 status installed libperl5.36:amd64 5.36.0-7+deb12u1
2024-09-27 06:04:42 remove libperl5.36:amd64 5.36.0-7+deb12u1 <none>
2024-09-27 06:04:42 status half-configured libperl5.36:amd64 5.36.0-7+deb12u1
2024-09-27 06:04:42 status half-installed libperl5.36:amd64 5.36.0-7+deb12u1
2024-09-27 06:04:42 status config-files libperl5.36:amd64 5.36.0-7+deb12u1
2024-09-27 06:04:42 status not-installed libperl5.36:amd64 <none>
2024-09-27 06:04:42 status installed libgdbm-compat4:amd64 1.23-3
2024-09-27 06:04:42 remove libgdbm-compat4:amd64 1.23-3 <none>
2024-09-27 06:04:42 status half-configured libgdbm-compat4:amd64 1.23-3
2024-09-27 06:04:42 status half-installed libgdbm-compat4:amd64 1.23-3
2024-09-27 06:04:42 status config-files libgdbm-compat4:amd64 1.23-3
2024-09-27 06:04:42 status not-installed libgdbm-compat4:amd64 <none>
2024-09-27 06:04:42 status installed libgdbm6:amd64 1.23-3
2024-09-27 06:04:42 remove libgdbm6:amd64 1.23-3 <none>
2024-09-27 06:04:42 status half-configured libgdbm6:amd64 1.23-3
2024-09-27 06:04:42 status half-installed libgdbm6:amd64 1.23-3
2024-09-27 06:04:42 status config-files libgdbm6:amd64 1.23-3
2024-09-27 06:04:42 status not-installed libgdbm6:amd64 <none>
2024-09-27 06:04:42 status installed libgomp1:amd64 12.2.0-14
2024-09-27 06:04:42 remove libgomp1:amd64 12.2.0-14 <none>
2024-09-27 06:04:42 status half-configured libgomp1:amd64 12.2.0-14
2024-09-27 06:04:42 status half-installed libgomp1:amd64 12.2.0-14
2024-09-27 06:04:42 status config-files libgomp1:amd64 12.2.0-14
2024-09-27 06:04:42 status not-installed libgomp1:amd64 <none>
2024-09-27 06:04:42 status installed libnsl-dev:amd64 1.3.0-2
2024-09-27 06:04:42 remove libnsl-dev:amd64 1.3.0-2 <none>
2024-09-27 06:04:42 status half-configured libnsl-dev:amd64 1.3.0-2
2024-09-27 06:04:42 status half-installed libnsl-dev:amd64 1.3.0-2
2024-09-27 06:04:42 status config-files libnsl-dev:amd64 1.3.0-2
2024-09-27 06:04:42 status not-installed libnsl-dev:amd64 <none>
2024-09-27 06:04:42 status installed libtirpc-dev:amd64 1.3.3+ds-1
2024-09-27 06:04:42 remove libtirpc-dev:amd64 1.3.3+ds-1 <none>
2024-09-27 06:04:42 status half-configured libtirpc-dev:amd64 1.3.3+ds-1
2024-09-27 06:04:42 status half-installed libtirpc-dev:amd64 1.3.3+ds-1
2024-09-27 06:04:42 status config-files libtirpc-dev:amd64 1.3.3+ds-1
2024-09-27 06:04:42 status not-installed libtirpc-dev:amd64 <none>
2024-09-27 06:04:42 status installed libnsl2:amd64 1.3.0-2
2024-09-27 06:04:42 remove libnsl2:amd64 1.3.0-2 <none>
2024-09-27 06:04:42 status half-configured libnsl2:amd64 1.3.0-2
2024-09-27 06:04:42 status half-installed libnsl2:amd64 1.3.0-2
2024-09-27 06:04:42 status config-files libnsl2:amd64 1.3.0-2
2024-09-27 06:04:42 status not-installed libnsl2:amd64 <none>
2024-09-27 06:04:42 status installed libtirpc3:amd64 1.3.3+ds-1
2024-09-27 06:04:42 remove libtirpc3:amd64 1.3.3+ds-1 <none>
2024-09-27 06:04:42 status half-configured libtirpc3:amd64 1.3.3+ds-1
2024-09-27 06:04:42 status half-installed libtirpc3:amd64 1.3.3+ds-1
2024-09-27 06:04:42 status config-files libtirpc3:amd64 1.3.3+ds-1
2024-09-27 06:04:42 status not-installed libtirpc3:amd64 <none>
2024-09-27 06:04:42 status installed libgssapi-krb5-2:amd64 1.20.1-2+deb12u2
2024-09-27 06:04:42 remove libgssapi-krb5-2:amd64 1.20.1-2+deb12u2 <none>
2024-09-27 06:04:42 status half-configured libgssapi-krb5-2:amd64 1.20.1-2+deb12u2
2024-09-27 06:04:42 status half-installed libgssapi-krb5-2:amd64 1.20.1-2+deb12u2
2024-09-27 06:04:42 status config-files libgssapi-krb5-2:amd64 1.20.1-2+deb12u2
2024-09-27 06:04:42 status installed libisl23:amd64 0.25-1.1
2024-09-27 06:04:42 remove libisl23:amd64 0.25-1.1 <none>
2024-09-27 06:04:42 status half-configured libisl23:amd64 0.25-1.1
2024-09-27 06:04:42 status half-installed libisl23:amd64 0.25-1.1
2024-09-27 06:04:42 status config-files libisl23:amd64 0.25-1.1
2024-09-27 06:04:42 status not-installed libisl23:amd64 <none>
2024-09-27 06:04:42 status installed libitm1:amd64 12.2.0-14
2024-09-27 06:04:42 remove libitm1:amd64 12.2.0-14 <none>
2024-09-27 06:04:42 status half-configured libitm1:amd64 12.2.0-14
2024-09-27 06:04:42 status half-installed libitm1:amd64 12.2.0-14
2024-09-27 06:04:42 status config-files libitm1:amd64 12.2.0-14
2024-09-27 06:04:42 status not-installed libitm1:amd64 <none>
2024-09-27 06:04:42 status installed libjansson4:amd64 2.14-2
2024-09-27 06:04:42 remove libjansson4:amd64 2.14-2 <none>
2024-09-27 06:04:42 status half-configured libjansson4:amd64 2.14-2
2024-09-27 06:04:42 status half-installed libjansson4:amd64 2.14-2
2024-09-27 06:04:42 status config-files libjansson4:amd64 2.14-2
2024-09-27 06:04:42 status not-installed libjansson4:amd64 <none>
2024-09-27 06:04:42 status installed libkrb5-3:amd64 1.20.1-2+deb12u2
2024-09-27 06:04:42 remove libkrb5-3:amd64 1.20.1-2+deb12u2 <none>
2024-09-27 06:04:42 status half-configured libkrb5-3:amd64 1.20.1-2+deb12u2
2024-09-27 06:04:42 status half-installed libkrb5-3:amd64 1.20.1-2+deb12u2
2024-09-27 06:04:42 status config-files libkrb5-3:amd64 1.20.1-2+deb12u2
2024-09-27 06:04:42 status not-installed libkrb5-3:amd64 <none>
2024-09-27 06:04:42 status installed libk5crypto3:amd64 1.20.1-2+deb12u2
2024-09-27 06:04:42 remove libk5crypto3:amd64 1.20.1-2+deb12u2 <none>
2024-09-27 06:04:42 status half-configured libk5crypto3:amd64 1.20.1-2+deb12u2
2024-09-27 06:04:42 status half-installed libk5crypto3:amd64 1.20.1-2+deb12u2
2024-09-27 06:04:42 status config-files libk5crypto3:amd64 1.20.1-2+deb12u2
2024-09-27 06:04:42 status not-installed libk5crypto3:amd64 <none>
2024-09-27 06:04:42 status installed libkeyutils1:amd64 1.6.3-2
2024-09-27 06:04:42 remove libkeyutils1:amd64 1.6.3-2 <none>
2024-09-27 06:04:42 status half-configured libkeyutils1:amd64 1.6.3-2
2024-09-27 06:04:42 status half-installed libkeyutils1:amd64 1.6.3-2
2024-09-27 06:04:42 status config-files libkeyutils1:amd64 1.6.3-2
2024-09-27 06:04:42 status not-installed libkeyutils1:amd64 <none>
2024-09-27 06:04:42 status installed libkrb5support0:amd64 1.20.1-2+deb12u2
2024-09-27 06:04:42 remove libkrb5support0:amd64 1.20.1-2+deb12u2 <none>
2024-09-27 06:04:42 status half-configured libkrb5support0:amd64 1.20.1-2+deb12u2
2024-09-27 06:04:42 status half-installed libkrb5support0:amd64 1.20.1-2+deb12u2
2024-09-27 06:04:42 status config-files libkrb5support0:amd64 1.20.1-2+deb12u2
2024-09-27 06:04:42 status not-installed libkrb5support0:amd64 <none>
2024-09-27 06:04:42 status installed liblsan0:amd64 12.2.0-14
2024-09-27 06:04:42 remove liblsan0:amd64 12.2.0-14 <none>
2024-09-27 06:04:42 status half-configured liblsan0:amd64 12.2.0-14
2024-09-27 06:04:42 status half-installed liblsan0:amd64 12.2.0-14
2024-09-27 06:04:42 status config-files liblsan0:amd64 12.2.0-14
2024-09-27 06:04:42 status not-installed liblsan0:amd64 <none>
2024-09-27 06:04:42 status installed libmpc3:amd64 1.3.1-1
2024-09-27 06:04:42 remove libmpc3:amd64 1.3.1-1 <none>
2024-09-27 06:04:42 status half-configured libmpc3:amd64 1.3.1-1
2024-09-27 06:04:42 status half-installed libmpc3:amd64 1.3.1-1
2024-09-27 06:04:42 status config-files libmpc3:amd64 1.3.1-1
2024-09-27 06:04:42 status not-installed libmpc3:amd64 <none>
2024-09-27 06:04:42 status installed libmpfr6:amd64 4.2.0-1
2024-09-27 06:04:42 remove libmpfr6:amd64 4.2.0-1 <none>
2024-09-27 06:04:42 status half-configured libmpfr6:amd64 4.2.0-1
2024-09-27 06:04:42 status half-installed libmpfr6:amd64 4.2.0-1
2024-09-27 06:04:42 status config-files libmpfr6:amd64 4.2.0-1
2024-09-27 06:04:42 status not-installed libmpfr6:amd64 <none>
2024-09-27 06:04:42 status installed wget:amd64 1.21.3-1+b2
2024-09-27 06:04:42 remove wget:amd64 1.21.3-1+b2 <none>
2024-09-27 06:04:42 status half-configured wget:amd64 1.21.3-1+b2
2024-09-27 06:04:42 status half-installed wget:amd64 1.21.3-1+b2
2024-09-27 06:04:42 status config-files wget:amd64 1.21.3-1+b2
2024-09-27 06:04:42 status installed libpsl5:amd64 0.21.2-1
2024-09-27 06:04:42 remove libpsl5:amd64 0.21.2-1 <none>
2024-09-27 06:04:42 status half-configured libpsl5:amd64 0.21.2-1
2024-09-27 06:04:42 status half-installed libpsl5:amd64 0.21.2-1
2024-09-27 06:04:42 status config-files libpsl5:amd64 0.21.2-1
2024-09-27 06:04:42 status not-installed libpsl5:amd64 <none>
2024-09-27 06:04:42 status installed libquadmath0:amd64 12.2.0-14
2024-09-27 06:04:42 remove libquadmath0:amd64 12.2.0-14 <none>
2024-09-27 06:04:42 status half-configured libquadmath0:amd64 12.2.0-14
2024-09-27 06:04:42 status half-installed libquadmath0:amd64 12.2.0-14
2024-09-27 06:04:42 status config-files libquadmath0:amd64 12.2.0-14
2024-09-27 06:04:42 status not-installed libquadmath0:amd64 <none>
2024-09-27 06:04:42 status installed libssl-dev:amd64 3.0.14-1~deb12u2
2024-09-27 06:04:42 remove libssl-dev:amd64 3.0.14-1~deb12u2 <none>
2024-09-27 06:04:42 status half-configured libssl-dev:amd64 3.0.14-1~deb12u2
2024-09-27 06:04:42 status half-installed libssl-dev:amd64 3.0.14-1~deb12u2
2024-09-27 06:04:42 status config-files libssl-dev:amd64 3.0.14-1~deb12u2
2024-09-27 06:04:42 status not-installed libssl-dev:amd64 <none>
2024-09-27 06:04:42 status installed libtirpc-common:all 1.3.3+ds-1
2024-09-27 06:04:42 remove libtirpc-common:all 1.3.3+ds-1 <none>
2024-09-27 06:04:42 status half-configured libtirpc-common:all 1.3.3+ds-1
2024-09-27 06:04:42 status half-installed libtirpc-common:all 1.3.3+ds-1
2024-09-27 06:04:42 status config-files libtirpc-common:all 1.3.3+ds-1
2024-09-27 06:04:42 status installed libtsan2:amd64 12.2.0-14
2024-09-27 06:04:42 remove libtsan2:amd64 12.2.0-14 <none>
2024-09-27 06:04:42 status half-configured libtsan2:amd64 12.2.0-14
2024-09-27 06:04:42 status half-installed libtsan2:amd64 12.2.0-14
2024-09-27 06:04:42 status config-files libtsan2:amd64 12.2.0-14
2024-09-27 06:04:42 status not-installed libtsan2:amd64 <none>
2024-09-27 06:04:42 status installed libubsan1:amd64 12.2.0-14
2024-09-27 06:04:42 remove libubsan1:amd64 12.2.0-14 <none>
2024-09-27 06:04:42 status half-configured libubsan1:amd64 12.2.0-14
2024-09-27 06:04:42 status half-installed libubsan1:amd64 12.2.0-14
2024-09-27 06:04:42 status config-files libubsan1:amd64 12.2.0-14
2024-09-27 06:04:42 status not-installed libubsan1:amd64 <none>
2024-09-27 06:04:42 status installed linux-libc-dev:amd64 6.1.106-3
2024-09-27 06:04:42 remove linux-libc-dev:amd64 6.1.106-3 <none>
2024-09-27 06:04:42 status half-configured linux-libc-dev:amd64 6.1.106-3
2024-09-27 06:04:42 status half-installed linux-libc-dev:amd64 6.1.106-3
2024-09-27 06:04:42 status config-files linux-libc-dev:amd64 6.1.106-3
2024-09-27 06:04:42 status not-installed linux-libc-dev:amd64 <none>
2024-09-27 06:04:42 status installed make:amd64 4.3-4.1
2024-09-27 06:04:42 remove make:amd64 4.3-4.1 <none>
2024-09-27 06:04:42 status half-configured make:amd64 4.3-4.1
2024-09-27 06:04:42 status half-installed make:amd64 4.3-4.1
2024-09-27 06:04:42 status config-files make:amd64 4.3-4.1
2024-09-27 06:04:42 status not-installed make:amd64 <none>
2024-09-27 06:04:42 status installed openssl:amd64 3.0.14-1~deb12u2
2024-09-27 06:04:42 remove openssl:amd64 3.0.14-1~deb12u2 <none>
2024-09-27 06:04:42 status half-configured openssl:amd64 3.0.14-1~deb12u2
2024-09-27 06:04:42 status half-installed openssl:amd64 3.0.14-1~deb12u2
2024-09-27 06:04:42 status config-files openssl:amd64 3.0.14-1~deb12u2
2024-09-27 06:04:42 status installed patch:amd64 2.7.6-7
2024-09-27 06:04:42 remove patch:amd64 2.7.6-7 <none>
2024-09-27 06:04:42 status half-configured patch:amd64 2.7.6-7
2024-09-27 06:04:42 status half-installed patch:amd64 2.7.6-7
2024-09-27 06:04:42 status config-files patch:amd64 2.7.6-7
2024-09-27 06:04:42 status not-installed patch:amd64 <none>
2024-09-27 06:04:42 status installed perl-modules-5.36:all 5.36.0-7+deb12u1
2024-09-27 06:04:42 remove perl-modules-5.36:all 5.36.0-7+deb12u1 <none>
2024-09-27 06:04:42 status half-configured perl-modules-5.36:all 5.36.0-7+deb12u1
2024-09-27 06:04:42 status half-installed perl-modules-5.36:all 5.36.0-7+deb12u1
2024-09-27 06:04:42 status config-files perl-modules-5.36:all 5.36.0-7+deb12u1
2024-09-27 06:04:42 status not-installed perl-modules-5.36:all <none>
2024-09-27 06:04:42 status installed rpcsvc-proto:amd64 1.4.3-1
2024-09-27 06:04:42 remove rpcsvc-proto:amd64 1.4.3-1 <none>
2024-09-27 06:04:42 status half-configured rpcsvc-proto:amd64 1.4.3-1
2024-09-27 06:04:42 status half-installed rpcsvc-proto:amd64 1.4.3-1
2024-09-27 06:04:42 status config-files rpcsvc-proto:amd64 1.4.3-1
2024-09-27 06:04:42 status not-installed rpcsvc-proto:amd64 <none>
2024-09-27 06:04:42 status installed xz-utils:amd64 5.4.1-0.2
2024-09-27 06:04:42 remove xz-utils:amd64 5.4.1-0.2 <none>
2024-09-27 06:04:42 status half-configured xz-utils:amd64 5.4.1-0.2
2024-09-27 06:04:42 status half-installed xz-utils:amd64 5.4.1-0.2
2024-09-27 06:04:42 status config-files xz-utils:amd64 5.4.1-0.2
2024-09-27 06:04:42 status not-installed xz-utils:amd64 <none>
2024-09-27 06:04:42 startup packages configure
2024-09-27 06:04:42 trigproc libc-bin:amd64 2.36-9+deb12u8 <none>
2024-09-27 06:04:42 status half-configured libc-bin:amd64 2.36-9+deb12u8
2024-09-27 06:04:42 status installed libc-bin:amd64 2.36-9+deb12u8
2024-09-27 06:04:42 startup packages purge
2024-09-27 06:04:42 purge wget:amd64 1.21.3-1+b2 <none>
2024-09-27 06:04:42 status config-files wget:amd64 1.21.3-1+b2
2024-09-27 06:04:42 status not-installed wget:amd64 <none>
2024-09-27 06:04:42 purge libtirpc-common:all 1.3.3+ds-1 <none>
2024-09-27 06:04:42 status config-files libtirpc-common:all 1.3.3+ds-1
2024-09-27 06:04:42 status not-installed libtirpc-common:all <none>
2024-09-27 06:04:42 purge binutils-common:amd64 2.40-2 <none>
2024-09-27 06:04:42 status config-files binutils-common:amd64 2.40-2
2024-09-27 06:04:42 status not-installed binutils-common:amd64 <none>
2024-09-27 06:04:42 purge dpkg-dev:all 1.21.22 <none>
2024-09-27 06:04:42 status config-files dpkg-dev:all 1.21.22
2024-09-27 06:04:42 status not-installed dpkg-dev:all <none>
2024-09-27 06:04:42 purge ca-certificates:all 20230311 <none>
2024-09-27 06:04:42 status config-files ca-certificates:all 20230311
2024-09-27 06:04:42 status not-installed ca-certificates:all <none>
2024-09-27 06:04:42 purge perl:amd64 5.36.0-7+deb12u1 <none>
2024-09-27 06:04:42 status config-files perl:amd64 5.36.0-7+deb12u1
2024-09-27 06:04:42 status not-installed perl:amd64 <none>
2024-09-27 06:04:42 purge libgssapi-krb5-2:amd64 1.20.1-2+deb12u2 <none>
2024-09-27 06:04:42 status config-files libgssapi-krb5-2:amd64 1.20.1-2+deb12u2
2024-09-27 06:04:42 status not-installed libgssapi-krb5-2:amd64 <none>
2024-09-27 06:04:42 purge libcrypt-dev:amd64 1:4.4.33-2 <none>
2024-09-27 06:04:42 status config-files libcrypt-dev:amd64 1:4.4.33-2
2024-09-27 06:04:42 status not-installed libcrypt-dev:amd64 <none>
2024-09-27 06:04:42 purge openssl:amd64 3.0.14-1~deb12u2 <none>
2024-09-27 06:04:42 status config-files openssl:amd64 3.0.14-1~deb12u2
2024-09-27 06:04:42 status not-installed openssl:amd64 <none>
2024-09-27 06:04:42 startup packages configure
